<?xml version="1.0" encoding="UTF-8"?>
<!-- Generated by org.testng.reporters.JUnitReportReporter -->
<testsuite hostname="LAPTOP-LEC46EMO" failures="0" tests="5" name="com.practice.DataProviderExcel" time="160.271" errors="0" timestamp="2025-03-26T21:21:28 IST" skipped="0">
  <testcase classname="com.practice.DataProviderExcel" name="search" time="28.511"/>
  <testcase classname="com.practice.DataProviderExcel" name="search" time="27.899"/>
  <testcase classname="com.practice.DataProviderExcel" name="search" time="41.179"/>
  <testcase classname="com.practice.DataProviderExcel" name="search" time="33.374"/>
  <testcase classname="com.practice.DataProviderExcel" name="search" time="29.308"/>
</testsuite> <!-- com.practice.DataProviderExcel -->
