<?xml version="1.0" encoding="UTF-8"?>
<!-- Generated by org.testng.reporters.JUnitReportReporter -->
<testsuite hostname="LAPTOP-LEC46EMO" failures="0" tests="5" name="com.practice.DataProviderExcel" time="138.339" errors="0" timestamp="2025-03-26T21:44:20 IST" skipped="0">
  <testcase classname="com.practice.DataProviderExcel" name="search" time="26.712"/>
  <testcase classname="com.practice.DataProviderExcel" name="search" time="21.722"/>
  <testcase classname="com.practice.DataProviderExcel" name="search" time="29.846"/>
  <testcase classname="com.practice.DataProviderExcel" name="search" time="27.903"/>
  <testcase classname="com.practice.DataProviderExcel" name="search" time="32.156"/>
</testsuite> <!-- com.practice.DataProviderExcel -->
