<?xml version="1.0" encoding="UTF-8"?>
<!-- Generated by org.testng.reporters.JUnitReportReporter -->
<testsuite hostname="LAPTOP-LEC46EMO" failures="0" tests="5" name="com.practice.DataProviderExcel" time="156.852" errors="0" timestamp="2025-03-26T09:01:17 IST" skipped="0">
  <testcase classname="com.practice.DataProviderExcel" name="search" time="30.332"/>
  <testcase classname="com.practice.DataProviderExcel" name="search" time="28.958"/>
  <testcase classname="com.practice.DataProviderExcel" name="search" time="24.659"/>
  <testcase classname="com.practice.DataProviderExcel" name="search" time="41.607"/>
  <testcase classname="com.practice.DataProviderExcel" name="search" time="31.296"/>
</testsuite> <!-- com.practice.DataProviderExcel -->
